Adding [systemProperties] PropertySource with lowest search precedence
Adding [systemEnvironment] PropertySource with lowest search precedence
Initialized StandardEnvironment with PropertySources [systemProperties,systemEnvironment]
Refreshing org.springframework.context.support.ClassPathXmlApplicationContext@224edc67: startup date [Sun Apr 09 18:51:14 IST 2017]; root of context hierarchy
Adding [systemProperties] PropertySource with lowest search precedence
Adding [systemEnvironment] PropertySource with lowest search precedence
Initialized StandardEnvironment with PropertySources [systemProperties,systemEnvironment]
Loading XML bean definitions from class path resource [Beans.xml]
Using JAXP provider [com.sun.org.apache.xerces.internal.jaxp.DocumentBuilderFactoryImpl]
Loading schema mappings from [META-INF/spring.schemas]
Loaded schema mappings: {http://www.springframework.org/schema/tx/spring-tx-2.5.xsd=org/springframework/transaction/config/spring-tx-2.5.xsd, http://www.springframework.org/schema/tx/spring-tx-4.3.xsd=org/springframework/transaction/config/spring-tx-4.3.xsd, http://www.springframework.org/schema/cache/spring-cache-4.2.xsd=org/springframework/cache/config/spring-cache-4.2.xsd, http://www.springframework.org/schema/aop/spring-aop-4.1.xsd=org/springframework/aop/config/spring-aop-4.1.xsd, http://www.springframework.org/schema/context/spring-context-3.1.xsd=org/springframework/context/config/spring-context-3.1.xsd, http://www.springframework.org/schema/jdbc/spring-jdbc-4.1.xsd=org/springframework/jdbc/config/spring-jdbc-4.1.xsd, http://www.springframework.org/schema/util/spring-util-3.0.xsd=org/springframework/beans/factory/xml/spring-util-3.0.xsd, http://www.springframework.org/schema/tool/spring-tool.xsd=org/springframework/beans/factory/xml/spring-tool-4.3.xsd, http://www.springframework.org/schema/aop/spring-aop-3.2.xsd=org/springframework/aop/config/spring-aop-3.2.xsd, http://www.springframework.org/schema/lang/spring-lang-4.1.xsd=org/springframework/scripting/config/spring-lang-4.1.xsd, http://www.springframework.org/schema/context/spring-context-4.0.xsd=org/springframework/context/config/spring-context-4.0.xsd, http://www.springframework.org/schema/beans/spring-beans-4.2.xsd=org/springframework/beans/factory/xml/spring-beans-4.2.xsd, http://www.springframework.org/schema/tool/spring-tool-4.1.xsd=org/springframework/beans/factory/xml/spring-tool-4.1.xsd, http://www.springframework.org/schema/lang/spring-lang-3.2.xsd=org/springframework/scripting/config/spring-lang-3.2.xsd, http://www.springframework.org/schema/cache/spring-cache-3.2.xsd=org/springframework/cache/config/spring-cache-3.2.xsd, http://www.springframework.org/schema/jee/spring-jee-4.1.xsd=org/springframework/ejb/config/spring-jee-4.1.xsd, http://www.springframework.org/schema/jdbc/spring-jdbc-3.1.xsd=org/springframework/jdbc/config/spring-jdbc-3.1.xsd, http://www.springframework.org/schema/util/spring-util-2.0.xsd=org/springframework/beans/factory/xml/spring-util-2.0.xsd, http://www.springframework.org/schema/task/spring-task-4.2.xsd=org/springframework/scheduling/config/spring-task-4.2.xsd, http://www.springframework.org/schema/tool/spring-tool-3.2.xsd=org/springframework/beans/factory/xml/spring-tool-3.2.xsd, http://www.springframework.org/schema/context/spring-context.xsd=org/springframework/context/config/spring-context-4.3.xsd, http://www.springframework.org/schema/tx/spring-tx-4.2.xsd=org/springframework/transaction/config/spring-tx-4.2.xsd, http://www.springframework.org/schema/cache/spring-cache-4.1.xsd=org/springframework/cache/config/spring-cache-4.1.xsd, http://www.springframework.org/schema/aop/spring-aop-4.0.xsd=org/springframework/aop/config/spring-aop-4.0.xsd, http://www.springframework.org/schema/jee/spring-jee-3.2.xsd=org/springframework/ejb/config/spring-jee-3.2.xsd, http://www.springframework.org/schema/context/spring-context-3.0.xsd=org/springframework/context/config/spring-context-3.0.xsd, http://www.springframework.org/schema/jdbc/spring-jdbc-4.0.xsd=org/springframework/jdbc/config/spring-jdbc-4.0.xsd, http://www.springframework.org/schema/util/spring-util-4.3.xsd=org/springframework/beans/factory/xml/spring-util-4.3.xsd, http://www.springframework.org/schema/util/spring-util-2.5.xsd=org/springframework/beans/factory/xml/spring-util-2.5.xsd, http://www.springframework.org/schema/beans/spring-beans-3.2.xsd=org/springframework/beans/factory/xml/spring-beans-3.2.xsd, http://www.springframework.org/schema/aop/spring-aop-3.1.xsd=org/springframework/aop/config/spring-aop-3.1.xsd, http://www.springframework.org/schema/lang/spring-lang-4.0.xsd=org/springframework/scripting/config/spring-lang-4.0.xsd, http://www.springframework.org/schema/beans/spring-beans-4.1.xsd=org/springframework/beans/factory/xml/spring-beans-4.1.xsd, http://www.springframework.org/schema/tool/spring-tool-4.0.xsd=org/springframework/beans/factory/xml/spring-tool-4.0.xsd, http://www.springframework.org/schema/lang/spring-lang-3.1.xsd=org/springframework/scripting/config/spring-lang-3.1.xsd, http://www.springframework.org/schema/tx/spring-tx-3.2.xsd=org/springframework/transaction/config/spring-tx-3.2.xsd, http://www.springframework.org/schema/cache/spring-cache-3.1.xsd=org/springframework/cache/config/spring-cache-3.1.xsd, http://www.springframework.org/schema/jee/spring-jee-4.0.xsd=org/springframework/ejb/config/spring-jee-4.0.xsd, http://www.springframework.org/schema/jdbc/spring-jdbc-3.0.xsd=org/springframework/jdbc/config/spring-jdbc-3.0.xsd, http://www.springframework.org/schema/task/spring-task-4.1.xsd=org/springframework/scheduling/config/spring-task-4.1.xsd, http://www.springframework.org/schema/tool/spring-tool-3.1.xsd=org/springframework/beans/factory/xml/spring-tool-3.1.xsd, http://www.springframework.org/schema/jdbc/spring-jdbc.xsd=org/springframework/jdbc/config/spring-jdbc-4.3.xsd, http://www.springframework.org/schema/tx/spring-tx-4.1.xsd=org/springframework/transaction/config/spring-tx-4.1.xsd, http://www.springframework.org/schema/cache/spring-cache-4.0.xsd=org/springframework/cache/config/spring-cache-4.0.xsd, http://www.springframework.org/schema/jee/spring-jee-3.1.xsd=org/springframework/ejb/config/spring-jee-3.1.xsd, http://www.springframework.org/schema/util/spring-util-4.2.xsd=org/springframework/beans/factory/xml/spring-util-4.2.xsd, http://www.springframework.org/schema/task/spring-task-3.2.xsd=org/springframework/scheduling/config/spring-task-3.2.xsd, http://www.springframework.org/schema/beans/spring-beans-3.1.xsd=org/springframework/beans/factory/xml/spring-beans-3.1.xsd, http://www.springframework.org/schema/util/spring-util.xsd=org/springframework/beans/factory/xml/spring-util-4.3.xsd, http://www.springframework.org/schema/aop/spring-aop-3.0.xsd=org/springframework/aop/config/spring-aop-3.0.xsd, http://www.springframework.org/schema/beans/spring-beans-4.0.xsd=org/springframework/beans/factory/xml/spring-beans-4.0.xsd, http://www.springframework.org/schema/beans/spring-beans.xsd=org/springframework/beans/factory/xml/spring-beans-4.3.xsd, http://www.springframework.org/schema/lang/spring-lang-3.0.xsd=org/springframework/scripting/config/spring-lang-3.0.xsd, http://www.springframework.org/schema/tx/spring-tx-3.1.xsd=org/springframework/transaction/config/spring-tx-3.1.xsd, http://www.springframework.org/schema/context/spring-context-2.5.xsd=org/springframework/context/config/spring-context-2.5.xsd, http://www.springframework.org/schema/context/spring-context-4.3.xsd=org/springframework/context/config/spring-context-4.3.xsd, http://www.springframework.org/schema/task/spring-task-4.0.xsd=org/springframework/scheduling/config/spring-task-4.0.xsd, http://www.springframework.org/schema/tool/spring-tool-3.0.xsd=org/springframework/beans/factory/xml/spring-tool-3.0.xsd, http://www.springframework.org/schema/tx/spring-tx-4.0.xsd=org/springframework/transaction/config/spring-tx-4.0.xsd, http://www.springframework.org/schema/aop/spring-aop-2.0.xsd=org/springframework/aop/config/spring-aop-2.0.xsd, http://www.springframework.org/schema/jee/spring-jee-3.0.xsd=org/springframework/ejb/config/spring-jee-3.0.xsd, http://www.springframework.org/schema/util/spring-util-4.1.xsd=org/springframework/beans/factory/xml/spring-util-4.1.xsd, http://www.springframework.org/schema/task/spring-task-3.1.xsd=org/springframework/scheduling/config/spring-task-3.1.xsd, http://www.springframework.org/schema/beans/spring-beans-3.0.xsd=org/springframework/beans/factory/xml/spring-beans-3.0.xsd, http://www.springframework.org/schema/jee/spring-jee.xsd=org/springframework/ejb/config/spring-jee-4.3.xsd, http://www.springframework.org/schema/aop/spring-aop-2.5.xsd=org/springframework/aop/config/spring-aop-2.5.xsd, http://www.springframework.org/schema/aop/spring-aop-4.3.xsd=org/springframework/aop/config/spring-aop-4.3.xsd, http://www.springframework.org/schema/lang/spring-lang-2.0.xsd=org/springframework/scripting/config/spring-lang-2.0.xsd, http://www.springframework.org/schema/jdbc/spring-jdbc-4.3.xsd=org/springframework/jdbc/config/spring-jdbc-4.3.xsd, http://www.springframework.org/schema/util/spring-util-3.2.xsd=org/springframework/beans/factory/xml/spring-util-3.2.xsd, http://www.springframework.org/schema/task/spring-task.xsd=org/springframework/scheduling/config/spring-task-4.3.xsd, http://www.springframework.org/schema/tool/spring-tool-2.0.xsd=org/springframework/beans/factory/xml/spring-tool-2.0.xsd, http://www.springframework.org/schema/tx/spring-tx-3.0.xsd=org/springframework/transaction/config/spring-tx-3.0.xsd, http://www.springframework.org/schema/lang/spring-lang-2.5.xsd=org/springframework/scripting/config/spring-lang-2.5.xsd, http://www.springframework.org/schema/lang/spring-lang-4.3.xsd=org/springframework/scripting/config/spring-lang-4.3.xsd, http://www.springframework.org/schema/context/spring-context-4.2.xsd=org/springframework/context/config/spring-context-4.2.xsd, http://www.springframework.org/schema/jee/spring-jee-2.0.xsd=org/springframework/ejb/config/spring-jee-2.0.xsd, http://www.springframework.org/schema/tool/spring-tool-4.3.xsd=org/springframework/beans/factory/xml/spring-tool-4.3.xsd, http://www.springframework.org/schema/tool/spring-tool-2.5.xsd=org/springframework/beans/factory/xml/spring-tool-2.5.xsd, http://www.springframework.org/schema/jee/spring-jee-4.3.xsd=org/springframework/ejb/config/spring-jee-4.3.xsd, http://www.springframework.org/schema/jee/spring-jee-2.5.xsd=org/springframework/ejb/config/spring-jee-2.5.xsd, http://www.springframework.org/schema/util/spring-util-4.0.xsd=org/springframework/beans/factory/xml/spring-util-4.0.xsd, http://www.springframework.org/schema/task/spring-task-3.0.xsd=org/springframework/scheduling/config/spring-task-3.0.xsd, http://www.springframework.org/schema/cache/spring-cache-4.3.xsd=org/springframework/cache/config/spring-cache-4.3.xsd, http://www.springframework.org/schema/aop/spring-aop-4.2.xsd=org/springframework/aop/config/spring-aop-4.2.xsd, http://www.springframework.org/schema/lang/spring-lang.xsd=org/springframework/scripting/config/spring-lang-4.3.xsd, http://www.springframework.org/schema/context/spring-context-3.2.xsd=org/springframework/context/config/spring-context-3.2.xsd, http://www.springframework.org/schema/jdbc/spring-jdbc-4.2.xsd=org/springframework/jdbc/config/spring-jdbc-4.2.xsd, http://www.springframework.org/schema/util/spring-util-3.1.xsd=org/springframework/beans/factory/xml/spring-util-3.1.xsd, http://www.springframework.org/schema/beans/spring-beans-2.0.xsd=org/springframework/beans/factory/xml/spring-beans-2.0.xsd, http://www.springframework.org/schema/cache/spring-cache.xsd=org/springframework/cache/config/spring-cache-4.3.xsd, http://www.springframework.org/schema/tx/spring-tx.xsd=org/springframework/transaction/config/spring-tx-4.3.xsd, http://www.springframework.org/schema/lang/spring-lang-4.2.xsd=org/springframework/scripting/config/spring-lang-4.2.xsd, http://www.springframework.org/schema/context/spring-context-4.1.xsd=org/springframework/context/config/spring-context-4.1.xsd, http://www.springframework.org/schema/beans/spring-beans-4.3.xsd=org/springframework/beans/factory/xml/spring-beans-4.3.xsd, http://www.springframework.org/schema/beans/spring-beans-2.5.xsd=org/springframework/beans/factory/xml/spring-beans-2.5.xsd, http://www.springframework.org/schema/tool/spring-tool-4.2.xsd=org/springframework/beans/factory/xml/spring-tool-4.2.xsd, http://www.springframework.org/schema/tx/spring-tx-2.0.xsd=org/springframework/transaction/config/spring-tx-2.0.xsd, http://www.springframework.org/schema/jee/spring-jee-4.2.xsd=org/springframework/ejb/config/spring-jee-4.2.xsd, http://www.springframework.org/schema/jdbc/spring-jdbc-3.2.xsd=org/springframework/jdbc/config/spring-jdbc-3.2.xsd, http://www.springframework.org/schema/task/spring-task-4.3.xsd=org/springframework/scheduling/config/spring-task-4.3.xsd, http://www.springframework.org/schema/aop/spring-aop.xsd=org/springframework/aop/config/spring-aop-4.3.xsd}
Found XML schema [http://www.springframework.org/schema/beans/spring-beans-3.0.xsd] in classpath: org/springframework/beans/factory/xml/spring-beans-3.0.xsd
Loading bean definitions
Loaded 2 bean definitions from location pattern [Beans.xml]
Bean factory for org.springframework.context.support.ClassPathXmlApplicationContext@224edc67: org.springframework.beans.factory.support.DefaultListableBeanFactory@75f32542: defining beans [dataSource,SyncLastestNAV]; root of factory hierarchy
Unable to locate MessageSource with name 'messageSource': using default [org.springframework.context.support.DelegatingMessageSource@31d7b7bf]
Unable to locate ApplicationEventMulticaster with name 'applicationEventMulticaster': using default [org.springframework.context.event.SimpleApplicationEventMulticaster@4facf68f]
Pre-instantiating singletons in org.springframework.beans.factory.support.DefaultListableBeanFactory@75f32542: defining beans [dataSource,SyncLastestNAV]; root of factory hierarchy
Creating shared instance of singleton bean 'dataSource'
Creating instance of bean 'dataSource'
Eagerly caching bean 'dataSource' to allow for resolving potential circular references
Loaded JDBC driver: com.mysql.jdbc.Driver
Finished creating instance of bean 'dataSource'
Creating shared instance of singleton bean 'SyncLastestNAV'
Creating instance of bean 'SyncLastestNAV'
Creating instance of bean 'dao'
Returning cached instance of singleton bean 'dataSource'
Finished creating instance of bean 'dao'
Eagerly caching bean 'SyncLastestNAV' to allow for resolving potential circular references
Finished creating instance of bean 'SyncLastestNAV'
Unable to locate LifecycleProcessor with name 'lifecycleProcessor': using default [org.springframework.context.support.DefaultLifecycleProcessor@31190526]
Returning cached instance of singleton bean 'lifecycleProcessor'
Could not find key 'spring.liveBeansView.mbeanDomain' in any property source
Returning cached instance of singleton bean 'SyncLastestNAV'
Creating new JDBC DriverManager Connection to [jdbc:mysql://in-cdbr-azure-central-b.cloudapp.net:3306/mf_tracker_db?serverTimezone=UTC]
Open Ended Schemes (Balanced)
1
Axis Mutual Fund
Axis Children's Gift Fund - Lock in - Direct Dividend
Axis Children's Gift Fund - Lock in - Direct Growth
Axis Children's Gift Fund - Lock in - Dividend
Axis Children's Gift Fund - Lock in - Growth
Axis Children's Gift Fund - without Lock in - Direct Dividend
Axis Children's Gift Fund - without Lock in - Direct Growth
Axis Children's Gift Fund - without Lock in - Dividend
Axis Children's Gift Fund - without Lock in - Growth
Axis Triple Advantage Fund - Direct Plan - Dividend Option
Axis Triple Advantage Fund - Direct Plan - Growth Option
Axis Triple Advantage Fund - Dividend Option
Axis Triple Advantage Fund - Growth Option
2
Baroda Pioneer Mutual Fund
Baroda Pioneer Balance Fund - Plan A - Bonus Option
BARODA PIONEER BALANCE FUND - Plan A - Dividend Option
BARODA PIONEER BALANCE FUND - Plan A - Growth Option
BARODA PIONEER BALANCE FUND - Plan B (Direct) - Dividend Option
BARODA PIONEER BALANCE FUND - Plan B (Direct) - Growth Option
3
Birla Sun Life Mutual Fund
Birla Sun Life Balanced '95 Fund - Direct Plan-Dividend
Birla Sun Life Balanced '95 Fund - Direct Plan-Growth
Birla Sun Life Balanced '95 Fund - Regular Plan-Dividend
Birla Sun Life Balanced '95 Fund - Regular Plan-Growth
Birla Sun Life Balanced Advantage Fund - Direct Plan - Dividend Option
Birla Sun Life Balanced Advantage Fund - Direct Plan - Growth Option
Birla Sun Life Balanced Advantage Fund - Regular Plan - Dividend Option
Birla Sun Life Balanced Advantage Fund - Regular Plan - Growth Option
4
BOI AXA Mutual Fund
BOI AXA EQUITY DEBT REBALANCER FUND  DIRECT PLAN DIVIDEND
BOI AXA EQUITY DEBT REBALANCER FUND  REGULAR PLAN DIVIDEND
BOIAXAEQUITY DEBT REBALANCER FUND DIRECT PLAN  GROWTH
BOIAXAEQUITY DEBT REBALANCER FUND REGULAR PLAN  GROWTH
5
Canara Robeco Mutual Fund
Canara Robeco Balance - Direct Plan - Growth
Canara Robeco Balance - Direct Plan - Monthly Dividend
Canara Robeco Balance - Regular Plan - Growth
Canara Robeco Balance - Regular Plan - Monthly Dividend
6
DSP BlackRock Mutual Fund
DSP BlackRock Balanced Fund - Direct Plan - Dividend
DSP BlackRock Balanced Fund - Direct Plan - Growth
DSP BlackRock Balanced Fund - Direct Plan - Quarterly Dividend
DSP BlackRock Balanced Fund - Regular Plan - Quarterly Dividend
DSP BlackRock Balanced Fund- Regular Plan - Growth
DSP BlackRock Balanced Fund- Regular Plan -Dividend
7
Edelweiss Mutual Fund
Edelweiss Balanced Advantage Fund - Direct Plan - Dividend Option
Edelweiss Balanced Advantage Fund - Direct Plan - Growth Option
Edelweiss Balanced Advantage Fund - Regular Plan - Bonus Option
Edelweiss Balanced Advantage Fund - Regular Plan - Dividend Option
Edelweiss Balanced Advantage Fund - Regular Plan - Growth Option
8
Escorts Mutual Fund
Escorts Balanced Fund-Dividend Option
Escorts Balanced Fund-Dividend Option-Direct Plan
Escorts Balanced Fund-Growth Option
Escorts Balanced Fund-Growth Option-Direct Plan
9
Franklin Templeton Mutual Fund
Franklin India BALANCED FUND - Direct - Dividend
Franklin India BALANCED FUND - Direct - Growth
Franklin India Balanced Fund-Dividend Plan
Franklin India Balanced Fund-Growth Plan
10
HDFC Mutual Fund
HDFC Balanced Fund - Dividend Option
HDFC Balanced Fund - Growth Option
HDFC Balanced Fund -Direct Plan - Dividend Option
HDFC Balanced Fund -Direct Plan - Growth Option
HDFC Children Gift Fund-Investment
HDFC Children Gift Fund-Savings
HDFC Childrens Gift Fund Investment Plan-Direct Plan
HDFC Childrens Gift Fund Savings Plan-Direct Plan
HDFC Prudence Fund - Dividend Option
HDFC Prudence Fund - Growth Option
HDFC Prudence Fund -Direct Plan - Dividend Option
HDFC Prudence Fund -Direct Plan - Growth Option
HDFC Retirement Savings Fund - Hybrid - Equity Plan - Direct Plan
HDFC Retirement Savings Fund - Hybrid - Equity Plan - Regular Plan
11
ICICI Prudential Mutual Fund
ICICI Prudential Balanced Fund - Direct Plan -  Growth
ICICI Prudential Balanced Fund - Direct Plan - Half Yearly Dividend
ICICI Prudential Balanced Fund - Direct Plan - Monthly Dividend
ICICI Prudential Balanced Fund - Direct Plan -Annual Dividend
ICICI Prudential Balanced Fund - Growth
ICICI Prudential Balanced Fund - Half Yearly Dividend
ICICI Prudential Balanced Fund - Monthly Dividend
ICICI Prudential Balanced Fund -Annual Dividend
12
IDBI Mutual Fund
IDBI Prudence Fund Dividend Direct
IDBI Prudence Fund Dividend Regular
IDBI Prudence Fund Growth Direct
IDBI Prudence Fund Growth Regular
13
IDFC Mutual Fund
IDFC Balanced Fund-Direct Plan-Dividend
IDFC Balanced Fund-Direct Plan-Growth
IDFC Balanced Fund-Regular Plan-Dividend
IDFC Balanced Fund-Regular Plan-Growth
14
JM Financial Mutual Fund
JM Balanced Fund (Direct) - Annual Bonus Option
JM Balanced Fund (Direct) - Annual Dividend Option
JM Balanced Fund (Direct) - Bonus Option - Principal Units
JM Balanced Fund (Direct) - Dividend Option
JM Balanced Fund (Direct) - Growth Option
JM Balanced Fund (Direct) - Half Yearly Bonus Option - Principal Units
JM Balanced Fund (Direct) - Half Yearly Dividend Option
JM Balanced Fund (Direct) - Monthly Dividend Option
JM Balanced Fund (Direct) - Quarterly Bonus Option - Principal Units
JM Balanced Fund (Direct) - Quarterly Dividend Option
JM Balanced Fund - Annual Bonus Option
JM Balanced Fund - Annual Dividend Option
JM Balanced Fund - Bonus Option - Principal Units
JM Balanced Fund - Half Yearly Bonus Option - Principal Units
JM Balanced Fund - Half Yearly Dividend Option
JM Balanced Fund - Monthly Dividend Option
JM Balanced Fund - Quarterly Bonus Option - Principal Units
JM Balanced Fund - Quarterly Dividend Option
JM Balanced Fund-Dividend
JM Balanced Fund-Growth
15
Kotak Mahindra Mutual Fund
Kotak Balance
Kotak Balance - Direct Growth
Kotak Balance - Dividend - Direct
Kotak Balance - Growth
16
LIC Mutual Fund
LIC MF Balanced Fund-Direct Plan Dividend Option
LIC MF Balanced Fund-Direct Plan Growth Option
LIC MF Balanced Fund-Growth
LICMF Balanced Fund-Dividend
17
PRINCIPAL Mutual Fund
Principal Balanced Fund- Direct Plan - Growth Option
Principal Balanced Fund- Monthly Dividend
Principal Balanced Fund-Direct Plan - Monthly Dividend Option
Principal Balanced Fund-Growth
18
Reliance Mutual Fund
Reliance Regular Savings Fund - Balanced Option  - Direct Plan Growth Plan
Reliance Regular Savings Fund - Balanced Option - Direct Plan - Quarterly Dividend Plan
Reliance Regular Savings Fund - Balanced Option - Direct Plan Dividend Plan
Reliance Regular Savings Fund - Balanced Option - Dividend Plan
Reliance Regular Savings Fund - Balanced Option - Growth Plan
Reliance Regular Savings Fund - Balanced Option - Quarterly Dividend Plan
Reliance Regular Savings Fund- Balanced Option- Direct Plan-Monthly Dividend Plan
Reliance Regular Savings Fund- Balanced Option- Monthly Dividend Plan
19
SBI Mutual Fund
SBI Magnum Balanced Fund - DIRECT PLAN - Dividend
SBI Magnum Balanced Fund - REGULAR PLAN - Dividend
SBI Magnum Balanced Fund - DIRECT PLAN - Growth
SBI Magnum Balanced Fund - REGULAR PLAN -Growth
20
Sundaram Mutual Fund
Sundaram Balanced Fund - Appreciation Option
Sundaram Balanced Fund - Direct Plan - Growth Option
Sundaram Balanced Fund - Direct Plan - Dividend Option
Sundaram Balanced Fund - Dividend Option
Sundaram Balanced Fund - Institutional Dividend Option
21
Tata Mutual Fund
Tata Balanced Fund -Direct Plan- Growth
Tata Balanced Fund -Direct Plan- Monthly Dividend option
Tata Balanced Fund -Direct Plan-Dividend Option
Tata Balanced Fund Regular Plan - Dividend Option
Tata Balanced Fund Regular Plan - Growth
Tata Balanced Fund Regular Plan- Monthly Dividend Option
Tata Young Citizen [After 7 years] Regular Plan
Tata Young Citizen Fund [>3 years upto 7 years] Regular Plan
Tata Young Citizen Fund [Upto 3 years] Regular Plan
Tata Young Citizens' Fund [> 3 years upto 7 years]-Direct Plan Growth
Tata Young Citizens' Fund [Upto 3 years]-Direct Plan Growth
Tata Young Citizens' Fund-(After 7 years)-Direct Plan  Growth
22
Union Mutual Fund
Union Asset Allocation Fund - Moderate Plan - Direct Plan - Dividend Option
Union Asset Allocation Fund - Moderate Plan - Direct Plan - Growth Option
Union Asset Allocation Fund - Moderate Plan - Dividend Option
Union Asset Allocation Fund - Moderate Plan - Growth Option
23
UTI Mutual Fund
UTI - Balanced Fund-Growth
UTI - Balanced Fund-Growth - Direct
UTI - Balanced Fund-Income
info
info
Adding [systemProperties] PropertySource with lowest search precedence
Adding [systemEnvironment] PropertySource with lowest search precedence
Initialized StandardEnvironment with PropertySources [systemProperties,systemEnvironment]
Refreshing org.springframework.context.support.ClassPathXmlApplicationContext@46d56d67: startup date [Sun Apr 09 18:59:16 IST 2017]; root of context hierarchy
Adding [systemProperties] PropertySource with lowest search precedence
Adding [systemEnvironment] PropertySource with lowest search precedence
Initialized StandardEnvironment with PropertySources [systemProperties,systemEnvironment]
Loading XML bean definitions from class path resource [Beans.xml]
Using JAXP provider [com.sun.org.apache.xerces.internal.jaxp.DocumentBuilderFactoryImpl]
Loading schema mappings from [META-INF/spring.schemas]
Loaded schema mappings: {http://www.springframework.org/schema/tx/spring-tx-2.5.xsd=org/springframework/transaction/config/spring-tx-2.5.xsd, http://www.springframework.org/schema/tx/spring-tx-4.3.xsd=org/springframework/transaction/config/spring-tx-4.3.xsd, http://www.springframework.org/schema/cache/spring-cache-4.2.xsd=org/springframework/cache/config/spring-cache-4.2.xsd, http://www.springframework.org/schema/aop/spring-aop-4.1.xsd=org/springframework/aop/config/spring-aop-4.1.xsd, http://www.springframework.org/schema/context/spring-context-3.1.xsd=org/springframework/context/config/spring-context-3.1.xsd, http://www.springframework.org/schema/jdbc/spring-jdbc-4.1.xsd=org/springframework/jdbc/config/spring-jdbc-4.1.xsd, http://www.springframework.org/schema/util/spring-util-3.0.xsd=org/springframework/beans/factory/xml/spring-util-3.0.xsd, http://www.springframework.org/schema/tool/spring-tool.xsd=org/springframework/beans/factory/xml/spring-tool-4.3.xsd, http://www.springframework.org/schema/aop/spring-aop-3.2.xsd=org/springframework/aop/config/spring-aop-3.2.xsd, http://www.springframework.org/schema/lang/spring-lang-4.1.xsd=org/springframework/scripting/config/spring-lang-4.1.xsd, http://www.springframework.org/schema/context/spring-context-4.0.xsd=org/springframework/context/config/spring-context-4.0.xsd, http://www.springframework.org/schema/beans/spring-beans-4.2.xsd=org/springframework/beans/factory/xml/spring-beans-4.2.xsd, http://www.springframework.org/schema/tool/spring-tool-4.1.xsd=org/springframework/beans/factory/xml/spring-tool-4.1.xsd, http://www.springframework.org/schema/lang/spring-lang-3.2.xsd=org/springframework/scripting/config/spring-lang-3.2.xsd, http://www.springframework.org/schema/cache/spring-cache-3.2.xsd=org/springframework/cache/config/spring-cache-3.2.xsd, http://www.springframework.org/schema/jee/spring-jee-4.1.xsd=org/springframework/ejb/config/spring-jee-4.1.xsd, http://www.springframework.org/schema/jdbc/spring-jdbc-3.1.xsd=org/springframework/jdbc/config/spring-jdbc-3.1.xsd, http://www.springframework.org/schema/util/spring-util-2.0.xsd=org/springframework/beans/factory/xml/spring-util-2.0.xsd, http://www.springframework.org/schema/task/spring-task-4.2.xsd=org/springframework/scheduling/config/spring-task-4.2.xsd, http://www.springframework.org/schema/tool/spring-tool-3.2.xsd=org/springframework/beans/factory/xml/spring-tool-3.2.xsd, http://www.springframework.org/schema/context/spring-context.xsd=org/springframework/context/config/spring-context-4.3.xsd, http://www.springframework.org/schema/tx/spring-tx-4.2.xsd=org/springframework/transaction/config/spring-tx-4.2.xsd, http://www.springframework.org/schema/cache/spring-cache-4.1.xsd=org/springframework/cache/config/spring-cache-4.1.xsd, http://www.springframework.org/schema/aop/spring-aop-4.0.xsd=org/springframework/aop/config/spring-aop-4.0.xsd, http://www.springframework.org/schema/jee/spring-jee-3.2.xsd=org/springframework/ejb/config/spring-jee-3.2.xsd, http://www.springframework.org/schema/context/spring-context-3.0.xsd=org/springframework/context/config/spring-context-3.0.xsd, http://www.springframework.org/schema/jdbc/spring-jdbc-4.0.xsd=org/springframework/jdbc/config/spring-jdbc-4.0.xsd, http://www.springframework.org/schema/util/spring-util-4.3.xsd=org/springframework/beans/factory/xml/spring-util-4.3.xsd, http://www.springframework.org/schema/util/spring-util-2.5.xsd=org/springframework/beans/factory/xml/spring-util-2.5.xsd, http://www.springframework.org/schema/beans/spring-beans-3.2.xsd=org/springframework/beans/factory/xml/spring-beans-3.2.xsd, http://www.springframework.org/schema/aop/spring-aop-3.1.xsd=org/springframework/aop/config/spring-aop-3.1.xsd, http://www.springframework.org/schema/lang/spring-lang-4.0.xsd=org/springframework/scripting/config/spring-lang-4.0.xsd, http://www.springframework.org/schema/beans/spring-beans-4.1.xsd=org/springframework/beans/factory/xml/spring-beans-4.1.xsd, http://www.springframework.org/schema/tool/spring-tool-4.0.xsd=org/springframework/beans/factory/xml/spring-tool-4.0.xsd, http://www.springframework.org/schema/lang/spring-lang-3.1.xsd=org/springframework/scripting/config/spring-lang-3.1.xsd, http://www.springframework.org/schema/tx/spring-tx-3.2.xsd=org/springframework/transaction/config/spring-tx-3.2.xsd, http://www.springframework.org/schema/cache/spring-cache-3.1.xsd=org/springframework/cache/config/spring-cache-3.1.xsd, http://www.springframework.org/schema/jee/spring-jee-4.0.xsd=org/springframework/ejb/config/spring-jee-4.0.xsd, http://www.springframework.org/schema/jdbc/spring-jdbc-3.0.xsd=org/springframework/jdbc/config/spring-jdbc-3.0.xsd, http://www.springframework.org/schema/task/spring-task-4.1.xsd=org/springframework/scheduling/config/spring-task-4.1.xsd, http://www.springframework.org/schema/tool/spring-tool-3.1.xsd=org/springframework/beans/factory/xml/spring-tool-3.1.xsd, http://www.springframework.org/schema/jdbc/spring-jdbc.xsd=org/springframework/jdbc/config/spring-jdbc-4.3.xsd, http://www.springframework.org/schema/tx/spring-tx-4.1.xsd=org/springframework/transaction/config/spring-tx-4.1.xsd, http://www.springframework.org/schema/cache/spring-cache-4.0.xsd=org/springframework/cache/config/spring-cache-4.0.xsd, http://www.springframework.org/schema/jee/spring-jee-3.1.xsd=org/springframework/ejb/config/spring-jee-3.1.xsd, http://www.springframework.org/schema/util/spring-util-4.2.xsd=org/springframework/beans/factory/xml/spring-util-4.2.xsd, http://www.springframework.org/schema/task/spring-task-3.2.xsd=org/springframework/scheduling/config/spring-task-3.2.xsd, http://www.springframework.org/schema/beans/spring-beans-3.1.xsd=org/springframework/beans/factory/xml/spring-beans-3.1.xsd, http://www.springframework.org/schema/util/spring-util.xsd=org/springframework/beans/factory/xml/spring-util-4.3.xsd, http://www.springframework.org/schema/aop/spring-aop-3.0.xsd=org/springframework/aop/config/spring-aop-3.0.xsd, http://www.springframework.org/schema/beans/spring-beans-4.0.xsd=org/springframework/beans/factory/xml/spring-beans-4.0.xsd, http://www.springframework.org/schema/beans/spring-beans.xsd=org/springframework/beans/factory/xml/spring-beans-4.3.xsd, http://www.springframework.org/schema/lang/spring-lang-3.0.xsd=org/springframework/scripting/config/spring-lang-3.0.xsd, http://www.springframework.org/schema/tx/spring-tx-3.1.xsd=org/springframework/transaction/config/spring-tx-3.1.xsd, http://www.springframework.org/schema/context/spring-context-2.5.xsd=org/springframework/context/config/spring-context-2.5.xsd, http://www.springframework.org/schema/context/spring-context-4.3.xsd=org/springframework/context/config/spring-context-4.3.xsd, http://www.springframework.org/schema/task/spring-task-4.0.xsd=org/springframework/scheduling/config/spring-task-4.0.xsd, http://www.springframework.org/schema/tool/spring-tool-3.0.xsd=org/springframework/beans/factory/xml/spring-tool-3.0.xsd, http://www.springframework.org/schema/tx/spring-tx-4.0.xsd=org/springframework/transaction/config/spring-tx-4.0.xsd, http://www.springframework.org/schema/aop/spring-aop-2.0.xsd=org/springframework/aop/config/spring-aop-2.0.xsd, http://www.springframework.org/schema/jee/spring-jee-3.0.xsd=org/springframework/ejb/config/spring-jee-3.0.xsd, http://www.springframework.org/schema/util/spring-util-4.1.xsd=org/springframework/beans/factory/xml/spring-util-4.1.xsd, http://www.springframework.org/schema/task/spring-task-3.1.xsd=org/springframework/scheduling/config/spring-task-3.1.xsd, http://www.springframework.org/schema/beans/spring-beans-3.0.xsd=org/springframework/beans/factory/xml/spring-beans-3.0.xsd, http://www.springframework.org/schema/jee/spring-jee.xsd=org/springframework/ejb/config/spring-jee-4.3.xsd, http://www.springframework.org/schema/aop/spring-aop-2.5.xsd=org/springframework/aop/config/spring-aop-2.5.xsd, http://www.springframework.org/schema/aop/spring-aop-4.3.xsd=org/springframework/aop/config/spring-aop-4.3.xsd, http://www.springframework.org/schema/lang/spring-lang-2.0.xsd=org/springframework/scripting/config/spring-lang-2.0.xsd, http://www.springframework.org/schema/jdbc/spring-jdbc-4.3.xsd=org/springframework/jdbc/config/spring-jdbc-4.3.xsd, http://www.springframework.org/schema/util/spring-util-3.2.xsd=org/springframework/beans/factory/xml/spring-util-3.2.xsd, http://www.springframework.org/schema/task/spring-task.xsd=org/springframework/scheduling/config/spring-task-4.3.xsd, http://www.springframework.org/schema/tool/spring-tool-2.0.xsd=org/springframework/beans/factory/xml/spring-tool-2.0.xsd, http://www.springframework.org/schema/tx/spring-tx-3.0.xsd=org/springframework/transaction/config/spring-tx-3.0.xsd, http://www.springframework.org/schema/lang/spring-lang-2.5.xsd=org/springframework/scripting/config/spring-lang-2.5.xsd, http://www.springframework.org/schema/lang/spring-lang-4.3.xsd=org/springframework/scripting/config/spring-lang-4.3.xsd, http://www.springframework.org/schema/context/spring-context-4.2.xsd=org/springframework/context/config/spring-context-4.2.xsd, http://www.springframework.org/schema/jee/spring-jee-2.0.xsd=org/springframework/ejb/config/spring-jee-2.0.xsd, http://www.springframework.org/schema/tool/spring-tool-4.3.xsd=org/springframework/beans/factory/xml/spring-tool-4.3.xsd, http://www.springframework.org/schema/tool/spring-tool-2.5.xsd=org/springframework/beans/factory/xml/spring-tool-2.5.xsd, http://www.springframework.org/schema/jee/spring-jee-4.3.xsd=org/springframework/ejb/config/spring-jee-4.3.xsd, http://www.springframework.org/schema/jee/spring-jee-2.5.xsd=org/springframework/ejb/config/spring-jee-2.5.xsd, http://www.springframework.org/schema/util/spring-util-4.0.xsd=org/springframework/beans/factory/xml/spring-util-4.0.xsd, http://www.springframework.org/schema/task/spring-task-3.0.xsd=org/springframework/scheduling/config/spring-task-3.0.xsd, http://www.springframework.org/schema/cache/spring-cache-4.3.xsd=org/springframework/cache/config/spring-cache-4.3.xsd, http://www.springframework.org/schema/aop/spring-aop-4.2.xsd=org/springframework/aop/config/spring-aop-4.2.xsd, http://www.springframework.org/schema/lang/spring-lang.xsd=org/springframework/scripting/config/spring-lang-4.3.xsd, http://www.springframework.org/schema/context/spring-context-3.2.xsd=org/springframework/context/config/spring-context-3.2.xsd, http://www.springframework.org/schema/jdbc/spring-jdbc-4.2.xsd=org/springframework/jdbc/config/spring-jdbc-4.2.xsd, http://www.springframework.org/schema/util/spring-util-3.1.xsd=org/springframework/beans/factory/xml/spring-util-3.1.xsd, http://www.springframework.org/schema/beans/spring-beans-2.0.xsd=org/springframework/beans/factory/xml/spring-beans-2.0.xsd, http://www.springframework.org/schema/cache/spring-cache.xsd=org/springframework/cache/config/spring-cache-4.3.xsd, http://www.springframework.org/schema/tx/spring-tx.xsd=org/springframework/transaction/config/spring-tx-4.3.xsd, http://www.springframework.org/schema/lang/spring-lang-4.2.xsd=org/springframework/scripting/config/spring-lang-4.2.xsd, http://www.springframework.org/schema/context/spring-context-4.1.xsd=org/springframework/context/config/spring-context-4.1.xsd, http://www.springframework.org/schema/beans/spring-beans-4.3.xsd=org/springframework/beans/factory/xml/spring-beans-4.3.xsd, http://www.springframework.org/schema/beans/spring-beans-2.5.xsd=org/springframework/beans/factory/xml/spring-beans-2.5.xsd, http://www.springframework.org/schema/tool/spring-tool-4.2.xsd=org/springframework/beans/factory/xml/spring-tool-4.2.xsd, http://www.springframework.org/schema/tx/spring-tx-2.0.xsd=org/springframework/transaction/config/spring-tx-2.0.xsd, http://www.springframework.org/schema/jee/spring-jee-4.2.xsd=org/springframework/ejb/config/spring-jee-4.2.xsd, http://www.springframework.org/schema/jdbc/spring-jdbc-3.2.xsd=org/springframework/jdbc/config/spring-jdbc-3.2.xsd, http://www.springframework.org/schema/task/spring-task-4.3.xsd=org/springframework/scheduling/config/spring-task-4.3.xsd, http://www.springframework.org/schema/aop/spring-aop.xsd=org/springframework/aop/config/spring-aop-4.3.xsd}
Found XML schema [http://www.springframework.org/schema/beans/spring-beans-3.0.xsd] in classpath: org/springframework/beans/factory/xml/spring-beans-3.0.xsd
Loading bean definitions
Loaded 2 bean definitions from location pattern [Beans.xml]
Bean factory for org.springframework.context.support.ClassPathXmlApplicationContext@46d56d67: org.springframework.beans.factory.support.DefaultListableBeanFactory@7f1302d6: defining beans [dataSource,SyncLastestNAV]; root of factory hierarchy
Unable to locate MessageSource with name 'messageSource': using default [org.springframework.context.support.DelegatingMessageSource@635eaaf1]
Unable to locate ApplicationEventMulticaster with name 'applicationEventMulticaster': using default [org.springframework.context.event.SimpleApplicationEventMulticaster@76508ed1]
Pre-instantiating singletons in org.springframework.beans.factory.support.DefaultListableBeanFactory@7f1302d6: defining beans [dataSource,SyncLastestNAV]; root of factory hierarchy
Creating shared instance of singleton bean 'dataSource'
Creating instance of bean 'dataSource'
Eagerly caching bean 'dataSource' to allow for resolving potential circular references
Loaded JDBC driver: com.mysql.jdbc.Driver
Finished creating instance of bean 'dataSource'
Creating shared instance of singleton bean 'SyncLastestNAV'
Creating instance of bean 'SyncLastestNAV'
Creating instance of bean 'dao'
Returning cached instance of singleton bean 'dataSource'
Finished creating instance of bean 'dao'
Eagerly caching bean 'SyncLastestNAV' to allow for resolving potential circular references
Finished creating instance of bean 'SyncLastestNAV'
Unable to locate LifecycleProcessor with name 'lifecycleProcessor': using default [org.springframework.context.support.DefaultLifecycleProcessor@662ac478]
Returning cached instance of singleton bean 'lifecycleProcessor'
Could not find key 'spring.liveBeansView.mbeanDomain' in any property source
